#
# There is insufficient memory for the Java Runtime Environment to continue.
# Native memory allocation (mmap) failed to map 134217728 bytes for G1 virtual space
# Possible reasons:
#   The system is out of physical RAM or swap space
#   The process is running with CompressedOops enabled, and the Java Heap may be blocking the growth of the native heap
# Possible solutions:
#   Reduce memory load on the system
#   Increase physical memory or swap space
#   Check if swap backing store is full
#   Decrease Java heap size (-Xmx/-Xms)
#   Decrease number of Java threads
#   Decrease Java thread stack sizes (-Xss)
#   Set larger code cache with -XX:ReservedCodeCacheSize=
#   JVM is running with Unscaled Compressed Oops mode in which the Java heap is
#     placed in the first 4GB address space. The Java Heap base address is the
#     maximum limit for the native heap growth. Please use -XX:HeapBaseMinAddress
#     to set the Java Heap base and to place the Java Heap above 4GB virtual address.
# This output file may be truncated or incomplete.
#
#  Out of Memory Error (os_windows.cpp:3532), pid=15792, tid=13384
#
# JRE version:  (17.0.2+8) (build )
# Java VM: Java HotSpot(TM) 64-Bit Server VM (17.0.2+8-LTS-86, mixed mode, sharing, tiered, compressed oops, compressed class ptrs, g1 gc, windows-amd64)
# No core dump will be written. Minidumps are not enabled by default on client versions of Windows
#

---------------  S U M M A R Y ------------

Command Line: -Dfile.encoding=UTF-8 --module-path=C:\Users\user\Desktop\HCMIU\sem2_nam2\principle_data_base\student_saving_record\project_pdm\build\classes project_pdm.mainframe

Host: Intel(R) Pentium(R) CPU G4560 @ 3.50GHz, 4 cores, 7G,  Windows 10 , 64 bit Build 19041 (10.0.19041.1645)
Time: Sat May 14 11:44:35 2022 Tomsk Standard Time elapsed time: 0.019382 seconds (0d 0h 0m 0s)

---------------  T H R E A D  ---------------

Current thread (0x000002c25fe4b560):  JavaThread "Unknown thread" [_thread_in_vm, id=13384, stack(0x000000c910c00000,0x000000c910d00000)]

Stack: [0x000000c910c00000,0x000000c910d00000]
Native frames: (J=compiled Java code, j=interpreted, Vv=VM code, C=native code)
V  [jvm.dll+0x670baa]
V  [jvm.dll+0x7cfcb4]
V  [jvm.dll+0x7d145e]
V  [jvm.dll+0x7d1ac3]
V  [jvm.dll+0x242bc5]
V  [jvm.dll+0x66dac9]
V  [jvm.dll+0x662412]
V  [jvm.dll+0x300c0b]
V  [jvm.dll+0x3081a6]
V  [jvm.dll+0x357d0e]
V  [jvm.dll+0x357f3f]
V  [jvm.dll+0x2d7ec8]
V  [jvm.dll+0x2d8e34]
V  [jvm.dll+0x7a18c1]
V  [jvm.dll+0x365a91]
V  [jvm.dll+0x780d2c]
V  [jvm.dll+0x3e845f]
V  [jvm.dll+0x3e9f01]
C  [jli.dll+0x527b]
C  [ucrtbase.dll+0x21bb2]
C  [KERNEL32.DLL+0x17034]
C  [ntdll.dll+0x52651]


---------------  P R O C E S S  ---------------

Threads class SMR info:
_java_thread_list=0x00007ff92a819858, length=0, elements={
}

Java Threads: ( => current thread )

Other Threads:
  0x000002c25fe896f0 GCTaskThread "GC Thread#0" [stack: 0x000000c910d00000,0x000000c910e00000] [id=2084]
  0x000002c25fe9b500 ConcurrentGCThread "G1 Main Marker" [stack: 0x000000c910e00000,0x000000c910f00000] [id=8840]
  0x000002c25fe9c6b0 ConcurrentGCThread "G1 Conc#0" [stack: 0x000000c910f00000,0x000000c911000000] [id=11620]

[error occurred during error reporting (printing all threads), id 0xc0000005, EXCEPTION_ACCESS_VIOLATION (0xc0000005) at pc=0x00007ff92a0688a7]

VM state: not at safepoint (not fully initialized)

VM Mutex/Monitor currently owned by a thread:  ([mutex/lock_event])
[0x000002c25fe472e0] Heap_lock - owner thread: 0x000002c25fe4b560

Heap address: 0x0000000080a00000, size: 2038 MB, Compressed Oops mode: 32-bit

CDS archive(s) mapped at: [0x0000000000000000-0x0000000000000000-0x0000000000000000), size 0, SharedBaseAddress: 0x0000000800000000, ArchiveRelocationMode: 0.
Narrow klass base: 0x0000000000000000, Narrow klass shift: 0, Narrow klass range: 0x0

GC Precious Log:
<Empty>

Heap:
 garbage-first heap   total 0K, used 0K [0x0000000080a00000, 0x0000000100000000)
  region size 1024K, 0 young (0K), 0 survivors (0K)

[error occurred during error reporting (printing heap information), id 0xc0000005, EXCEPTION_ACCESS_VIOLATION (0xc0000005) at pc=0x00007ff92a449f19]

GC Heap History (0 events):
No events

Deoptimization events (0 events):
No events

Classes unloaded (0 events):
No events

Classes redefined (0 events):
No events

Internal exceptions (0 events):
No events

VM Operations (0 events):
No events

Events (1 events):
Event: 0.008 Loaded shared library D:\compile java\bin\java.dll


Dynamic libraries:
0x00007ff610110000 - 0x00007ff610120000 	D:\compile java\bin\java.exe
0x00007ff977210000 - 0x00007ff977405000 	C:\WINDOWS\SYSTEM32\ntdll.dll
0x00007ff976220000 - 0x00007ff9762de000 	C:\WINDOWS\System32\KERNEL32.DLL
0x00007ff974cc0000 - 0x00007ff974f88000 	C:\WINDOWS\System32\KERNELBASE.dll
0x00007ff975170000 - 0x00007ff975270000 	C:\WINDOWS\System32\ucrtbase.dll
0x00007ff96f9a0000 - 0x00007ff96f9ba000 	D:\compile java\bin\VCRUNTIME140.dll
0x00007ff968bf0000 - 0x00007ff968c08000 	D:\compile java\bin\jli.dll
0x00007ff976930000 - 0x00007ff9769de000 	C:\WINDOWS\System32\ADVAPI32.dll
0x00007ff975b60000 - 0x00007ff975bfe000 	C:\WINDOWS\System32\msvcrt.dll
0x00007ff976170000 - 0x00007ff97620c000 	C:\WINDOWS\System32\sechost.dll
0x00007ff977070000 - 0x00007ff977195000 	C:\WINDOWS\System32\RPCRT4.dll
0x00007ff9759c0000 - 0x00007ff975b60000 	C:\WINDOWS\System32\USER32.dll
0x00007ff974f90000 - 0x00007ff974fb2000 	C:\WINDOWS\System32\win32u.dll
0x00007ff975c00000 - 0x00007ff975c2a000 	C:\WINDOWS\System32\GDI32.dll
0x00007ff974b00000 - 0x00007ff974c0b000 	C:\WINDOWS\System32\gdi32full.dll
0x00007ff974fc0000 - 0x00007ff97505d000 	C:\WINDOWS\System32\msvcp_win.dll
0x00007ff961ef0000 - 0x00007ff96218a000 	C:\WINDOWS\WinSxS\amd64_microsoft.windows.common-controls_6595b64144ccf1df_6.0.19041.1110_none_60b5254171f9507e\COMCTL32.dll
0x00007ff96d7b0000 - 0x00007ff96d7ba000 	C:\WINDOWS\SYSTEM32\VERSION.dll
0x00007ff976df0000 - 0x00007ff976e20000 	C:\WINDOWS\System32\IMM32.DLL
0x00007ff9700d0000 - 0x00007ff9700dc000 	D:\compile java\bin\vcruntime140_1.dll
0x00007ff946c70000 - 0x00007ff946cfd000 	D:\compile java\bin\msvcp140.dll
0x00007ff929d80000 - 0x00007ff92a941000 	D:\compile java\bin\server\jvm.dll
0x00007ff9771c0000 - 0x00007ff9771c8000 	C:\WINDOWS\System32\PSAPI.DLL
0x00007ff96e5d0000 - 0x00007ff96e5d9000 	C:\WINDOWS\SYSTEM32\WSOCK32.dll
0x00007ff96ce70000 - 0x00007ff96ce97000 	C:\WINDOWS\SYSTEM32\WINMM.dll
0x00007ff976390000 - 0x00007ff9763fb000 	C:\WINDOWS\System32\WS2_32.dll
0x00007ff972870000 - 0x00007ff972882000 	C:\WINDOWS\SYSTEM32\kernel.appcore.dll
0x00007ff96f220000 - 0x00007ff96f22a000 	D:\compile java\bin\jimage.dll
0x00007ff970430000 - 0x00007ff970614000 	C:\WINDOWS\SYSTEM32\DBGHELP.DLL
0x00007ff970400000 - 0x00007ff97042c000 	C:\WINDOWS\SYSTEM32\dbgcore.DLL
0x00007ff975060000 - 0x00007ff9750e2000 	C:\WINDOWS\System32\bcryptPrimitives.dll
0x00007ff96c310000 - 0x00007ff96c335000 	D:\compile java\bin\java.dll

dbghelp: loaded successfully - version: 4.0.5 - missing functions: none
symbol engine: initialized successfully - sym options: 0x614 - pdb path: .;D:\compile java\bin;C:\WINDOWS\SYSTEM32;C:\WINDOWS\WinSxS\amd64_microsoft.windows.common-controls_6595b64144ccf1df_6.0.19041.1110_none_60b5254171f9507e;D:\compile java\bin\server

VM Arguments:
jvm_args: -Dfile.encoding=UTF-8 --module-path=C:\Users\user\Desktop\HCMIU\sem2_nam2\principle_data_base\student_saving_record\project_pdm\build\classes 
java_command: project_pdm.mainframe
java_class_path (initial): D:\sql2019\sqljdbc_10.2\enu\mssql-jdbc-10.2.0.jre17.jar;C:\Users\user\Desktop\HCMIU\sem2_nam2\principle_data_base\student_saving_record\project_pdm\build\classes
Launcher Type: SUN_STANDARD

[Global flags]
     intx CICompilerCount                          = 3                                         {product} {ergonomic}
     uint ConcGCThreads                            = 1                                         {product} {ergonomic}
     uint G1ConcRefinementThreads                  = 4                                         {product} {ergonomic}
   size_t G1HeapRegionSize                         = 1048576                                   {product} {ergonomic}
    uintx GCDrainStackTargetSize                   = 64                                        {product} {ergonomic}
   size_t InitialHeapSize                          = 134217728                                 {product} {ergonomic}
   size_t MarkStackSize                            = 4194304                                   {product} {ergonomic}
   size_t MaxHeapSize                              = 2136997888                                {product} {ergonomic}
   size_t MinHeapDeltaBytes                        = 1048576                                   {product} {ergonomic}
   size_t MinHeapSize                              = 8388608                                   {product} {ergonomic}
    uintx NonNMethodCodeHeapSize                   = 5832780                                {pd product} {ergonomic}
    uintx NonProfiledCodeHeapSize                  = 122912730                              {pd product} {ergonomic}
    uintx ProfiledCodeHeapSize                     = 122912730                              {pd product} {ergonomic}
    uintx ReservedCodeCacheSize                    = 251658240                              {pd product} {ergonomic}
     bool SegmentedCodeCache                       = true                                      {product} {ergonomic}
   size_t SoftMaxHeapSize                          = 2136997888                             {manageable} {ergonomic}
     bool UseCompressedClassPointers               = true                           {product lp64_product} {ergonomic}
     bool UseCompressedOops                        = true                           {product lp64_product} {ergonomic}
     bool UseG1GC                                  = true                                      {product} {ergonomic}
     bool UseLargePagesIndividualAllocation        = false                                  {pd product} {ergonomic}

Logging:
Log output configuration:
 #0: stdout all=warning uptime,level,tags
 #1: stderr all=off uptime,level,tags

Environment Variables:
PATH=D:\Python\Scripts\;D:\Python\;C:\WINDOWS\system32;C:\WINDOWS;C:\WINDOWS\System32\Wbem;C:\WINDOWS\System32\WindowsPowerShell\v1.0\;C:\WINDOWS\System32\OpenSSH\;C:\Program Files\NVIDIA Corporation\NVIDIA NvDLISR;C:\Program Files (x86)\NVIDIA Corporation\PhysX\Common;C:\WINDOWS\system32;C:\WINDOWS;C:\WINDOWS\System32\Wbem;C:\WINDOWS\System32\WindowsPowerShell\v1.0\;C:\WINDOWS\System32\OpenSSH\;D:\Python;C:\Program Files\Microsoft SQL Server\Client SDK\ODBC\170\Tools\Binn\;C:\Program Files (x86)\Microsoft SQL Server\150\Tools\Binn\;C:\Program Files\Microsoft SQL Server\150\Tools\Binn\;C:\Program Files\Microsoft SQL Server\150\DTS\Binn\;C:\Program Files (x86)\Microsoft SQL Server\150\DTS\Binn\;C:\Program Files\Azure Data Studio\bin;D:\codeblock\MinGW\bin;D:\ VS Code\bin;D:\IntelliJ IDEA 2021.3.2\bin;;D:\sqlite;C:\Program Files\Azure Data Studio\bin;D:\IntelliJ\IntelliJ IDEA Community Edition 2022.1\bin;;D:\compile java\bin;D:\sql2019\sqljdbc_10.2\enu\auth\x64;
USERNAME=user
OS=Windows_NT
PROCESSOR_IDENTIFIER=Intel64 Family 6 Model 158 Stepping 9, GenuineIntel



---------------  S Y S T E M  ---------------

OS:
 Windows 10 , 64 bit Build 19041 (10.0.19041.1645)
OS uptime: 0 days 21:33 hours

CPU: total 4 (initial active 4) (2 cores per cpu, 2 threads per core) family 6 model 158 stepping 9 microcode 0xb4, cx8, cmov, fxsr, ht, mmx, 3dnowpref, sse, sse2, sse3, ssse3, sse4.1, sse4.2, popcnt, lzcnt, tsc, tscinvbit, aes, erms, clmul, clflush, clflushopt

Memory: 4k page, system-wide physical 8151M (1137M free)
TotalPageFile size 13467M (AvailPageFile size 99M)
current process WorkingSet (physical memory assigned to process): 10M, peak: 10M
current process commit charge ("private bytes"): 51M, peak: 179M

vm_info: Java HotSpot(TM) 64-Bit Server VM (17.0.2+8-LTS-86) for windows-amd64 JRE (17.0.2+8-LTS-86), built on Dec  7 2021 21:51:03 by "mach5one" with MS VC++ 16.8 / 16.9 (VS2019)

END.
